# JRE version: Java(TM) SE Runtime Environment (17.0.6+9) (build 17.0.6+9-LTS-190)
# Java VM: Java HotSpot(TM) 64-Bit Server VM (17.0.6+9-LTS-190, mixed mode, sharing, tiered, compressed oops, compressed class ptrs, parallel gc, windows-amd64)
GC Precious Log:
 CPUs: 8 total, 8 available
 Memory: 16064M
 Large Page Support: Disabled
 NUMA Support: Disabled
 Compressed Oops: Enabled (32-bit)
 Alignments: Space 512K, Generation 512K, Heap 2M
 Heap Min Capacity: 100M
 Heap Initial Capacity: 100M
 Heap Max Capacity: 1G
 Pre-touch: Disabled
 Parallel Workers: 8
Heap:
 PSYoungGen      total 22528K, used 10196K [0x00000000eab00000, 0x00000000ec300000, 0x0000000100000000)
  eden space 22016K, 46% used [0x00000000eab00000,0x00000000eb4f5298,0x00000000ec080000)
  from space 512K, 0% used [0x00000000ec280000,0x00000000ec280000,0x00000000ec300000)
  to   space 1024K, 0% used [0x00000000ec100000,0x00000000ec100000,0x00000000ec200000)
 ParOldGen       total 68608K, used 24680K [0x00000000c0000000, 0x00000000c4300000, 0x00000000eab00000)
  object space 68608K, 35% used [0x00000000c0000000,0x00000000c181a0b8,0x00000000c4300000)
 Metaspace       used 35718K, committed 36480K, reserved 1081344K
  class space    used 3544K, committed 3904K, reserved 1048576K
GC Heap History (20 events):
Event: 4.115 GC heap before
{Heap before GC invocations=9 (full 1):
 PSYoungGen      total 26112K, used 26083K [0x00000000eab00000, 0x00000000ec900000, 0x0000000100000000)
  eden space 24576K, 100% used [0x00000000eab00000,0x00000000ec300000,0x00000000ec300000)
  from space 1536K, 98% used [0x00000000ec380000,0x00000000ec4f8dd8,0x00000000ec500000)
  to   space 3072K, 0% used [0x00000000ec600000,0x00000000ec600000,0x00000000ec900000)
 ParOldGen       total 68608K, used 8267K [0x00000000c0000000, 0x00000000c4300000, 0x00000000eab00000)
  object space 68608K, 12% used [0x00000000c0000000,0x00000000c0812e78,0x00000000c4300000)
 Metaspace       used 27868K, committed 28544K, reserved 1081344K
  class space    used 2761K, committed 3072K, reserved 1048576K
}
Event: 4.120 GC heap after
{Heap after GC invocations=9 (full 1):
 PSYoungGen      total 26624K, used 3064K [0x00000000eab00000, 0x00000000eca80000, 0x0000000100000000)
  eden space 23552K, 0% used [0x00000000eab00000,0x00000000eab00000,0x00000000ec200000)
  from space 3072K, 99% used [0x00000000ec600000,0x00000000ec8fe3e8,0x00000000ec900000)
  to   space 4096K, 0% used [0x00000000ec200000,0x00000000ec200000,0x00000000ec600000)
 ParOldGen       total 68608K, used 8563K [0x00000000c0000000, 0x00000000c4300000, 0x00000000eab00000)
  object space 68608K, 12% used [0x00000000c0000000,0x00000000c085ce88,0x00000000c4300000)
 Metaspace       used 27868K, committed 28544K, reserved 1081344K
  class space    used 2761K, committed 3072K, reserved 1048576K
}
Event: 4.240 GC heap before
{Heap before GC invocations=10 (full 1):
 PSYoungGen      total 26624K, used 26616K [0x00000000eab00000, 0x00000000eca80000, 0x0000000100000000)
  eden space 23552K, 100% used [0x00000000eab00000,0x00000000ec200000,0x00000000ec200000)
  from space 3072K, 99% used [0x00000000ec600000,0x00000000ec8fe3e8,0x00000000ec900000)
  to   space 4096K, 0% used [0x00000000ec200000,0x00000000ec200000,0x00000000ec600000)
 ParOldGen       total 68608K, used 8563K [0x00000000c0000000, 0x00000000c4300000, 0x00000000eab00000)
  object space 68608K, 12% used [0x00000000c0000000,0x00000000c085ce88,0x00000000c4300000)
 Metaspace       used 28052K, committed 28736K, reserved 1081344K
  class space    used 2779K, committed 3072K, reserved 1048576K
}
Event: 4.246 GC heap after
{Heap after GC invocations=10 (full 1):
 PSYoungGen      total 27136K, used 4072K [0x00000000eab00000, 0x00000000ecd80000, 0x0000000100000000)
  eden space 23040K, 0% used [0x00000000eab00000,0x00000000eab00000,0x00000000ec180000)
  from space 4096K, 99% used [0x00000000ec200000,0x00000000ec5fa3d8,0x00000000ec600000)
  to   space 6144K, 0% used [0x00000000ec780000,0x00000000ec780000,0x00000000ecd80000)
 ParOldGen       total 68608K, used 9795K [0x00000000c0000000, 0x00000000c4300000, 0x00000000eab00000)
  object space 68608K, 14% used [0x00000000c0000000,0x00000000c0990f08,0x00000000c4300000)
 Metaspace       used 28052K, committed 28736K, reserved 1081344K
  class space    used 2779K, committed 3072K, reserved 1048576K
}
Event: 4.337 GC heap before
{Heap before GC invocations=11 (full 1):
 PSYoungGen      total 27136K, used 27112K [0x00000000eab00000, 0x00000000ecd80000, 0x0000000100000000)
  eden space 23040K, 100% used [0x00000000eab00000,0x00000000ec180000,0x00000000ec180000)
  from space 4096K, 99% used [0x00000000ec200000,0x00000000ec5fa3d8,0x00000000ec600000)
  to   space 6144K, 0% used [0x00000000ec780000,0x00000000ec780000,0x00000000ecd80000)
 ParOldGen       total 68608K, used 9795K [0x00000000c0000000, 0x00000000c4300000, 0x00000000eab00000)
  object space 68608K, 14% used [0x00000000c0000000,0x00000000c0990f08,0x00000000c4300000)
 Metaspace       used 28121K, committed 28736K, reserved 1081344K
  class space    used 2792K, committed 3072K, reserved 1048576K
}
Event: 4.349 GC heap after
{Heap after GC invocations=11 (full 1):
 PSYoungGen      total 27136K, used 4224K [0x00000000eab00000, 0x00000000ecc00000, 0x0000000100000000)
  eden space 22528K, 0% used [0x00000000eab00000,0x00000000eab00000,0x00000000ec100000)
  from space 4608K, 91% used [0x00000000ec780000,0x00000000ecba0020,0x00000000ecc00000)
  to   space 5120K, 0% used [0x00000000ec200000,0x00000000ec200000,0x00000000ec700000)
 ParOldGen       total 68608K, used 12455K [0x00000000c0000000, 0x00000000c4300000, 0x00000000eab00000)
  object space 68608K, 18% used [0x00000000c0000000,0x00000000c0c29fd8,0x00000000c4300000)
 Metaspace       used 28121K, committed 28736K, reserved 1081344K
  class space    used 2792K, committed 3072K, reserved 1048576K
}
Event: 4.406 GC heap before
{Heap before GC invocations=12 (full 1):
 PSYoungGen      total 27136K, used 26752K [0x00000000eab00000, 0x00000000ecc00000, 0x0000000100000000)
  eden space 22528K, 100% used [0x00000000eab00000,0x00000000ec100000,0x00000000ec100000)
  from space 4608K, 91% used [0x00000000ec780000,0x00000000ecba0020,0x00000000ecc00000)
  to   space 5120K, 0% used [0x00000000ec200000,0x00000000ec200000,0x00000000ec700000)
 ParOldGen       total 68608K, used 12455K [0x00000000c0000000, 0x00000000c4300000, 0x00000000eab00000)
  object space 68608K, 18% used [0x00000000c0000000,0x00000000c0c29fd8,0x00000000c4300000)
 Metaspace       used 28121K, committed 28736K, reserved 1081344K
  class space    used 2792K, committed 3072K, reserved 1048576K
}
Event: 4.411 GC heap after
{Heap after GC invocations=12 (full 1):
 PSYoungGen      total 24576K, used 2560K [0x00000000eab00000, 0x00000000ec800000, 0x0000000100000000)
  eden space 22016K, 0% used [0x00000000eab00000,0x00000000eab00000,0x00000000ec080000)
  from space 2560K, 100% used [0x00000000ec200000,0x00000000ec480000,0x00000000ec480000)
  to   space 3584K, 0% used [0x00000000ec480000,0x00000000ec480000,0x00000000ec800000)
 ParOldGen       total 68608K, used 16565K [0x00000000c0000000, 0x00000000c4300000, 0x00000000eab00000)
  object space 68608K, 24% used [0x00000000c0000000,0x00000000c102d560,0x00000000c4300000)
 Metaspace       used 28121K, committed 28736K, reserved 1081344K
  class space    used 2792K, committed 3072K, reserved 1048576K
}
Event: 4.477 GC heap before
{Heap before GC invocations=13 (full 1):
 PSYoungGen      total 24576K, used 24576K [0x00000000eab00000, 0x00000000ec800000, 0x0000000100000000)
  eden space 22016K, 100% used [0x00000000eab00000,0x00000000ec080000,0x00000000ec080000)
  from space 2560K, 100% used [0x00000000ec200000,0x00000000ec480000,0x00000000ec480000)
  to   space 3584K, 0% used [0x00000000ec480000,0x00000000ec480000,0x00000000ec800000)
 ParOldGen       total 68608K, used 16565K [0x00000000c0000000, 0x00000000c4300000, 0x00000000eab00000)
  object space 68608K, 24% used [0x00000000c0000000,0x00000000c102d560,0x00000000c4300000)
 Metaspace       used 28121K, committed 28736K, reserved 1081344K
  class space    used 2792K, committed 3072K, reserved 1048576K
}
Event: 4.482 GC heap after
{Heap after GC invocations=13 (full 1):
 PSYoungGen      total 24576K, used 2528K [0x00000000eab00000, 0x00000000ec700000, 0x0000000100000000)
  eden space 22016K, 0% used [0x00000000eab00000,0x00000000eab00000,0x00000000ec080000)
  from space 2560K, 98% used [0x00000000ec480000,0x00000000ec6f8010,0x00000000ec700000)
  to   space 3072K, 0% used [0x00000000ec100000,0x00000000ec100000,0x00000000ec400000)
 ParOldGen       total 68608K, used 19053K [0x00000000c0000000, 0x00000000c4300000, 0x00000000eab00000)
  object space 68608K, 27% used [0x00000000c0000000,0x00000000c129b560,0x00000000c4300000)
 Metaspace       used 28121K, committed 28736K, reserved 1081344K
  class space    used 2792K, committed 3072K, reserved 1048576K
}
Event: 5.488 GC heap before
{Heap before GC invocations=14 (full 1):
 PSYoungGen      total 24576K, used 24530K [0x00000000eab00000, 0x00000000ec700000, 0x0000000100000000)
  eden space 22016K, 99% used [0x00000000eab00000,0x00000000ec07c8d8,0x00000000ec080000)
  from space 2560K, 98% used [0x00000000ec480000,0x00000000ec6f8010,0x00000000ec700000)
  to   space 3072K, 0% used [0x00000000ec100000,0x00000000ec100000,0x00000000ec400000)
 ParOldGen       total 68608K, used 19053K [0x00000000c0000000, 0x00000000c4300000, 0x00000000eab00000)
  object space 68608K, 27% used [0x00000000c0000000,0x00000000c129b560,0x00000000c4300000)
 Metaspace       used 29963K, committed 30592K, reserved 1081344K
  class space    used 3007K, committed 3264K, reserved 1048576K
}
Event: 5.491 GC heap after
{Heap after GC invocations=14 (full 1):
 PSYoungGen      total 24576K, used 2437K [0x00000000eab00000, 0x00000000ec580000, 0x0000000100000000)
  eden space 22016K, 0% used [0x00000000eab00000,0x00000000eab00000,0x00000000ec080000)
  from space 2560K, 95% used [0x00000000ec100000,0x00000000ec361620,0x00000000ec380000)
  to   space 2048K, 0% used [0x00000000ec380000,0x00000000ec380000,0x00000000ec580000)
 ParOldGen       total 68608K, used 21491K [0x00000000c0000000, 0x00000000c4300000, 0x00000000eab00000)
  object space 68608K, 31% used [0x00000000c0000000,0x00000000c14fcdf0,0x00000000c4300000)
 Metaspace       used 29963K, committed 30592K, reserved 1081344K
  class space    used 3007K, committed 3264K, reserved 1048576K
}
Event: 6.001 GC heap before
{Heap before GC invocations=15 (full 1):
 PSYoungGen      total 24576K, used 24453K [0x00000000eab00000, 0x00000000ec580000, 0x0000000100000000)
  eden space 22016K, 100% used [0x00000000eab00000,0x00000000ec080000,0x00000000ec080000)
  from space 2560K, 95% used [0x00000000ec100000,0x00000000ec361620,0x00000000ec380000)
  to   space 2048K, 0% used [0x00000000ec380000,0x00000000ec380000,0x00000000ec580000)
 ParOldGen       total 68608K, used 21491K [0x00000000c0000000, 0x00000000c4300000, 0x00000000eab00000)
  object space 68608K, 31% used [0x00000000c0000000,0x00000000c14fcdf0,0x00000000c4300000)
 Metaspace       used 31386K, committed 32000K, reserved 1081344K
  class space    used 3194K, committed 3456K, reserved 1048576K
}
Event: 6.010 GC heap after
{Heap after GC invocations=15 (full 1):
 PSYoungGen      total 22528K, used 448K [0x00000000eab00000, 0x00000000ec400000, 0x0000000100000000)
  eden space 22016K, 0% used [0x00000000eab00000,0x00000000eab00000,0x00000000ec080000)
  from space 512K, 87% used [0x00000000ec380000,0x00000000ec3f0000,0x00000000ec400000)
  to   space 1536K, 0% used [0x00000000ec100000,0x00000000ec100000,0x00000000ec280000)
 ParOldGen       total 68608K, used 23754K [0x00000000c0000000, 0x00000000c4300000, 0x00000000eab00000)
  object space 68608K, 34% used [0x00000000c0000000,0x00000000c1732950,0x00000000c4300000)
 Metaspace       used 31386K, committed 32000K, reserved 1081344K
  class space    used 3194K, committed 3456K, reserved 1048576K
}
Event: 6.795 GC heap before
{Heap before GC invocations=16 (full 1):
 PSYoungGen      total 22528K, used 22464K [0x00000000eab00000, 0x00000000ec400000, 0x0000000100000000)
  eden space 22016K, 100% used [0x00000000eab00000,0x00000000ec080000,0x00000000ec080000)
  from space 512K, 87% used [0x00000000ec380000,0x00000000ec3f0000,0x00000000ec400000)
  to   space 1536K, 0% used [0x00000000ec100000,0x00000000ec100000,0x00000000ec280000)
 ParOldGen       total 68608K, used 23754K [0x00000000c0000000, 0x00000000c4300000, 0x00000000eab00000)
  object space 68608K, 34% used [0x00000000c0000000,0x00000000c1732950,0x00000000c4300000)
 Metaspace       used 35004K, committed 35712K, reserved 1081344K
  class space    used 3492K, committed 3840K, reserved 1048576K
}
Event: 6.798 GC heap after
{Heap after GC invocations=16 (full 1):
 PSYoungGen      total 23552K, used 1328K [0x00000000eab00000, 0x00000000ec400000, 0x0000000100000000)
  eden space 22016K, 0% used [0x00000000eab00000,0x00000000eab00000,0x00000000ec080000)
  from space 1536K, 86% used [0x00000000ec100000,0x00000000ec24c010,0x00000000ec280000)
  to   space 1536K, 0% used [0x00000000ec280000,0x00000000ec280000,0x00000000ec400000)
 ParOldGen       total 68608K, used 24113K [0x00000000c0000000, 0x00000000c4300000, 0x00000000eab00000)
  object space 68608K, 35% used [0x00000000c0000000,0x00000000c178c6c8,0x00000000c4300000)
 Metaspace       used 35004K, committed 35712K, reserved 1081344K
  class space    used 3492K, committed 3840K, reserved 1048576K
}
Event: 6.808 GC heap before
{Heap before GC invocations=17 (full 1):
 PSYoungGen      total 23552K, used 2011K [0x00000000eab00000, 0x00000000ec400000, 0x0000000100000000)
  eden space 22016K, 3% used [0x00000000eab00000,0x00000000eabaac18,0x00000000ec080000)
  from space 1536K, 86% used [0x00000000ec100000,0x00000000ec24c010,0x00000000ec280000)
  to   space 1536K, 0% used [0x00000000ec280000,0x00000000ec280000,0x00000000ec400000)
 ParOldGen       total 68608K, used 24113K [0x00000000c0000000, 0x00000000c4300000, 0x00000000eab00000)
  object space 68608K, 35% used [0x00000000c0000000,0x00000000c178c6c8,0x00000000c4300000)
 Metaspace       used 35141K, committed 35840K, reserved 1081344K
  class space    used 3497K, committed 3840K, reserved 1048576K
}
Event: 6.811 GC heap after
{Heap after GC invocations=17 (full 1):
 PSYoungGen      total 22528K, used 243K [0x00000000eab00000, 0x00000000ec300000, 0x0000000100000000)
  eden space 22016K, 0% used [0x00000000eab00000,0x00000000eab00000,0x00000000ec080000)
  from space 512K, 47% used [0x00000000ec280000,0x00000000ec2bccd0,0x00000000ec300000)
  to   space 1024K, 0% used [0x00000000ec100000,0x00000000ec100000,0x00000000ec200000)
 ParOldGen       total 68608K, used 25320K [0x00000000c0000000, 0x00000000c4300000, 0x00000000eab00000)
  object space 68608K, 36% used [0x00000000c0000000,0x00000000c18ba010,0x00000000c4300000)
 Metaspace       used 35141K, committed 35840K, reserved 1081344K
  class space    used 3497K, committed 3840K, reserved 1048576K
}
Event: 6.811 GC heap before
{Heap before GC invocations=18 (full 2):
 PSYoungGen      total 22528K, used 243K [0x00000000eab00000, 0x00000000ec300000, 0x0000000100000000)
  eden space 22016K, 0% used [0x00000000eab00000,0x00000000eab00000,0x00000000ec080000)
  from space 512K, 47% used [0x00000000ec280000,0x00000000ec2bccd0,0x00000000ec300000)
  to   space 1024K, 0% used [0x00000000ec100000,0x00000000ec100000,0x00000000ec200000)
 ParOldGen       total 68608K, used 25320K [0x00000000c0000000, 0x00000000c4300000, 0x00000000eab00000)
  object space 68608K, 36% used [0x00000000c0000000,0x00000000c18ba010,0x00000000c4300000)
 Metaspace       used 35141K, committed 35840K, reserved 1081344K
  class space    used 3497K, committed 3840K, reserved 1048576K
}
Event: 6.858 GC heap after
{Heap after GC invocations=18 (full 2):
 PSYoungGen      total 22528K, used 0K [0x00000000eab00000, 0x00000000ec300000, 0x0000000100000000)
  eden space 22016K, 0% used [0x00000000eab00000,0x00000000eab00000,0x00000000ec080000)
  from space 512K, 0% used [0x00000000ec280000,0x00000000ec280000,0x00000000ec300000)
  to   space 1024K, 0% used [0x00000000ec100000,0x00000000ec100000,0x00000000ec200000)
 ParOldGen       total 68608K, used 24680K [0x00000000c0000000, 0x00000000c4300000, 0x00000000eab00000)
  object space 68608K, 35% used [0x00000000c0000000,0x00000000c181a0b8,0x00000000c4300000)
 Metaspace       used 35141K, committed 35840K, reserved 1081344K
  class space    used 3497K, committed 3840K, reserved 1048576K
}

