# JRE version: Java(TM) SE Runtime Environment (17.0.6+9) (build 17.0.6+9-LTS-190)
# Java VM: Java HotSpot(TM) 64-Bit Server VM (17.0.6+9-LTS-190, mixed mode, sharing, tiered, compressed oops, compressed class ptrs, parallel gc, windows-amd64)
GC Precious Log:
 CPUs: 8 total, 8 available
 Memory: 16064M
 Large Page Support: Disabled
 NUMA Support: Disabled
 Compressed Oops: Enabled (32-bit)
 Alignments: Space 512K, Generation 512K, Heap 2M
 Heap Min Capacity: 100M
 Heap Initial Capacity: 100M
 Heap Max Capacity: 1G
 Pre-touch: Disabled
 Parallel Workers: 8
Heap:
 PSYoungGen      total 24064K, used 10138K [0x00000000eab00000, 0x00000000ec700000, 0x0000000100000000)
  eden space 23040K, 44% used [0x00000000eab00000,0x00000000eb4e6bf0,0x00000000ec180000)
  from space 1024K, 0% used [0x00000000ec380000,0x00000000ec380000,0x00000000ec480000)
  to   space 1536K, 0% used [0x00000000ec580000,0x00000000ec580000,0x00000000ec700000)
 ParOldGen       total 68608K, used 14183K [0x00000000c0000000, 0x00000000c4300000, 0x00000000eab00000)
  object space 68608K, 20% used [0x00000000c0000000,0x00000000c0dd9e98,0x00000000c4300000)
 Metaspace       used 36401K, committed 37120K, reserved 1089536K
  class space    used 3880K, committed 4160K, reserved 1048576K
GC Heap History (20 events):
Event: 1.317 GC heap before
{Heap before GC invocations=4 (full 0):
 PSYoungGen      total 29696K, used 29686K [0x00000000eab00000, 0x00000000ecc00000, 0x0000000100000000)
  eden space 25600K, 100% used [0x00000000eab00000,0x00000000ec400000,0x00000000ec400000)
  from space 4096K, 99% used [0x00000000ec400000,0x00000000ec7fd878,0x00000000ec800000)
  to   space 4096K, 0% used [0x00000000ec800000,0x00000000ec800000,0x00000000ecc00000)
 ParOldGen       total 68608K, used 3683K [0x00000000c0000000, 0x00000000c4300000, 0x00000000eab00000)
  object space 68608K, 5% used [0x00000000c0000000,0x00000000c0398c78,0x00000000c4300000)
 Metaspace       used 16210K, committed 16704K, reserved 1064960K
  class space    used 1658K, committed 1856K, reserved 1048576K
}
Event: 1.320 GC heap after
{Heap after GC invocations=4 (full 0):
 PSYoungGen      total 29696K, used 4071K [0x00000000eab00000, 0x00000000ecc00000, 0x0000000100000000)
  eden space 25600K, 0% used [0x00000000eab00000,0x00000000eab00000,0x00000000ec400000)
  from space 4096K, 99% used [0x00000000ec800000,0x00000000ecbf9f18,0x00000000ecc00000)
  to   space 4096K, 0% used [0x00000000ec400000,0x00000000ec400000,0x00000000ec800000)
 ParOldGen       total 68608K, used 5339K [0x00000000c0000000, 0x00000000c4300000, 0x00000000eab00000)
  object space 68608K, 7% used [0x00000000c0000000,0x00000000c0536f08,0x00000000c4300000)
 Metaspace       used 16210K, committed 16704K, reserved 1064960K
  class space    used 1658K, committed 1856K, reserved 1048576K
}
Event: 1.478 GC heap before
{Heap before GC invocations=5 (full 0):
 PSYoungGen      total 29696K, used 29671K [0x00000000eab00000, 0x00000000ecc00000, 0x0000000100000000)
  eden space 25600K, 100% used [0x00000000eab00000,0x00000000ec400000,0x00000000ec400000)
  from space 4096K, 99% used [0x00000000ec800000,0x00000000ecbf9f18,0x00000000ecc00000)
  to   space 4096K, 0% used [0x00000000ec400000,0x00000000ec400000,0x00000000ec800000)
 ParOldGen       total 68608K, used 5339K [0x00000000c0000000, 0x00000000c4300000, 0x00000000eab00000)
  object space 68608K, 7% used [0x00000000c0000000,0x00000000c0536f08,0x00000000c4300000)
 Metaspace       used 19756K, committed 20352K, reserved 1073152K
  class space    used 1905K, committed 2176K, reserved 1048576K
}
Event: 1.480 GC heap after
{Heap after GC invocations=5 (full 0):
 PSYoungGen      total 29184K, used 4081K [0x00000000eab00000, 0x00000000ece80000, 0x0000000100000000)
  eden space 25088K, 0% used [0x00000000eab00000,0x00000000eab00000,0x00000000ec380000)
  from space 4096K, 99% used [0x00000000ec400000,0x00000000ec7fc630,0x00000000ec800000)
  to   space 5632K, 0% used [0x00000000ec900000,0x00000000ec900000,0x00000000ece80000)
 ParOldGen       total 68608K, used 6031K [0x00000000c0000000, 0x00000000c4300000, 0x00000000eab00000)
  object space 68608K, 8% used [0x00000000c0000000,0x00000000c05e3e38,0x00000000c4300000)
 Metaspace       used 19756K, committed 20352K, reserved 1073152K
  class space    used 1905K, committed 2176K, reserved 1048576K
}
Event: 1.520 GC heap before
{Heap before GC invocations=6 (full 0):
 PSYoungGen      total 29184K, used 12786K [0x00000000eab00000, 0x00000000ece80000, 0x0000000100000000)
  eden space 25088K, 34% used [0x00000000eab00000,0x00000000eb380298,0x00000000ec380000)
  from space 4096K, 99% used [0x00000000ec400000,0x00000000ec7fc630,0x00000000ec800000)
  to   space 5632K, 0% used [0x00000000ec900000,0x00000000ec900000,0x00000000ece80000)
 ParOldGen       total 68608K, used 6031K [0x00000000c0000000, 0x00000000c4300000, 0x00000000eab00000)
  object space 68608K, 8% used [0x00000000c0000000,0x00000000c05e3e38,0x00000000c4300000)
 Metaspace       used 20936K, committed 21504K, reserved 1073152K
  class space    used 2005K, committed 2304K, reserved 1048576K
}
Event: 1.522 GC heap after
{Heap after GC invocations=6 (full 0):
 PSYoungGen      total 29696K, used 4475K [0x00000000eab00000, 0x00000000ecd80000, 0x0000000100000000)
  eden space 25088K, 0% used [0x00000000eab00000,0x00000000eab00000,0x00000000ec380000)
  from space 4608K, 97% used [0x00000000ec900000,0x00000000ecd5ec50,0x00000000ecd80000)
  to   space 5120K, 0% used [0x00000000ec380000,0x00000000ec380000,0x00000000ec880000)
 ParOldGen       total 68608K, used 6031K [0x00000000c0000000, 0x00000000c4300000, 0x00000000eab00000)
  object space 68608K, 8% used [0x00000000c0000000,0x00000000c05e3e38,0x00000000c4300000)
 Metaspace       used 20936K, committed 21504K, reserved 1073152K
  class space    used 2005K, committed 2304K, reserved 1048576K
}
Event: 1.522 GC heap before
{Heap before GC invocations=7 (full 1):
 PSYoungGen      total 29696K, used 4475K [0x00000000eab00000, 0x00000000ecd80000, 0x0000000100000000)
  eden space 25088K, 0% used [0x00000000eab00000,0x00000000eab00000,0x00000000ec380000)
  from space 4608K, 97% used [0x00000000ec900000,0x00000000ecd5ec50,0x00000000ecd80000)
  to   space 5120K, 0% used [0x00000000ec380000,0x00000000ec380000,0x00000000ec880000)
 ParOldGen       total 68608K, used 6031K [0x00000000c0000000, 0x00000000c4300000, 0x00000000eab00000)
  object space 68608K, 8% used [0x00000000c0000000,0x00000000c05e3e38,0x00000000c4300000)
 Metaspace       used 20936K, committed 21504K, reserved 1073152K
  class space    used 2005K, committed 2304K, reserved 1048576K
}
Event: 1.539 GC heap after
{Heap after GC invocations=7 (full 1):
 PSYoungGen      total 29696K, used 0K [0x00000000eab00000, 0x00000000ecd80000, 0x0000000100000000)
  eden space 25088K, 0% used [0x00000000eab00000,0x00000000eab00000,0x00000000ec380000)
  from space 4608K, 0% used [0x00000000ec900000,0x00000000ec900000,0x00000000ecd80000)
  to   space 5120K, 0% used [0x00000000ec380000,0x00000000ec380000,0x00000000ec880000)
 ParOldGen       total 68608K, used 10171K [0x00000000c0000000, 0x00000000c4300000, 0x00000000eab00000)
  object space 68608K, 14% used [0x00000000c0000000,0x00000000c09eec88,0x00000000c4300000)
 Metaspace       used 20923K, committed 21504K, reserved 1073152K
  class space    used 2002K, committed 2304K, reserved 1048576K
}
Event: 1.909 GC heap before
{Heap before GC invocations=8 (full 1):
 PSYoungGen      total 29696K, used 25088K [0x00000000eab00000, 0x00000000ecd80000, 0x0000000100000000)
  eden space 25088K, 100% used [0x00000000eab00000,0x00000000ec380000,0x00000000ec380000)
  from space 4608K, 0% used [0x00000000ec900000,0x00000000ec900000,0x00000000ecd80000)
  to   space 5120K, 0% used [0x00000000ec380000,0x00000000ec380000,0x00000000ec880000)
 ParOldGen       total 68608K, used 10171K [0x00000000c0000000, 0x00000000c4300000, 0x00000000eab00000)
  object space 68608K, 14% used [0x00000000c0000000,0x00000000c09eec88,0x00000000c4300000)
 Metaspace       used 24448K, committed 25088K, reserved 1073152K
  class space    used 2350K, committed 2624K, reserved 1048576K
}
Event: 1.910 GC heap after
{Heap after GC invocations=8 (full 1):
 PSYoungGen      total 26112K, used 1224K [0x00000000eab00000, 0x00000000ec980000, 0x0000000100000000)
  eden space 24576K, 0% used [0x00000000eab00000,0x00000000eab00000,0x00000000ec300000)
  from space 1536K, 79% used [0x00000000ec380000,0x00000000ec4b21f8,0x00000000ec500000)
  to   space 2560K, 0% used [0x00000000ec700000,0x00000000ec700000,0x00000000ec980000)
 ParOldGen       total 68608K, used 10179K [0x00000000c0000000, 0x00000000c4300000, 0x00000000eab00000)
  object space 68608K, 14% used [0x00000000c0000000,0x00000000c09f0c88,0x00000000c4300000)
 Metaspace       used 24448K, committed 25088K, reserved 1073152K
  class space    used 2350K, committed 2624K, reserved 1048576K
}
Event: 2.429 GC heap before
{Heap before GC invocations=9 (full 1):
 PSYoungGen      total 26112K, used 25796K [0x00000000eab00000, 0x00000000ec980000, 0x0000000100000000)
  eden space 24576K, 99% used [0x00000000eab00000,0x00000000ec2ff068,0x00000000ec300000)
  from space 1536K, 79% used [0x00000000ec380000,0x00000000ec4b21f8,0x00000000ec500000)
  to   space 2560K, 0% used [0x00000000ec700000,0x00000000ec700000,0x00000000ec980000)
 ParOldGen       total 68608K, used 10179K [0x00000000c0000000, 0x00000000c4300000, 0x00000000eab00000)
  object space 68608K, 14% used [0x00000000c0000000,0x00000000c09f0c88,0x00000000c4300000)
 Metaspace       used 28359K, committed 29056K, reserved 1081344K
  class space    used 2825K, committed 3136K, reserved 1048576K
}
Event: 2.431 GC heap after
{Heap after GC invocations=9 (full 1):
 PSYoungGen      total 26624K, used 2490K [0x00000000eab00000, 0x00000000ec980000, 0x0000000100000000)
  eden space 24064K, 0% used [0x00000000eab00000,0x00000000eab00000,0x00000000ec280000)
  from space 2560K, 97% used [0x00000000ec700000,0x00000000ec96ebe0,0x00000000ec980000)
  to   space 3072K, 0% used [0x00000000ec380000,0x00000000ec380000,0x00000000ec680000)
 ParOldGen       total 68608K, used 10187K [0x00000000c0000000, 0x00000000c4300000, 0x00000000eab00000)
  object space 68608K, 14% used [0x00000000c0000000,0x00000000c09f2c88,0x00000000c4300000)
 Metaspace       used 28359K, committed 29056K, reserved 1081344K
  class space    used 2825K, committed 3136K, reserved 1048576K
}
Event: 2.693 GC heap before
{Heap before GC invocations=10 (full 1):
 PSYoungGen      total 26624K, used 26554K [0x00000000eab00000, 0x00000000ec980000, 0x0000000100000000)
  eden space 24064K, 100% used [0x00000000eab00000,0x00000000ec280000,0x00000000ec280000)
  from space 2560K, 97% used [0x00000000ec700000,0x00000000ec96ebe0,0x00000000ec980000)
  to   space 3072K, 0% used [0x00000000ec380000,0x00000000ec380000,0x00000000ec680000)
 ParOldGen       total 68608K, used 10187K [0x00000000c0000000, 0x00000000c4300000, 0x00000000eab00000)
  object space 68608K, 14% used [0x00000000c0000000,0x00000000c09f2c88,0x00000000c4300000)
 Metaspace       used 31012K, committed 31680K, reserved 1081344K
  class space    used 3195K, committed 3456K, reserved 1048576K
}
Event: 2.695 GC heap after
{Heap after GC invocations=10 (full 1):
 PSYoungGen      total 26624K, used 3058K [0x00000000eab00000, 0x00000000ec900000, 0x0000000100000000)
  eden space 23552K, 0% used [0x00000000eab00000,0x00000000eab00000,0x00000000ec200000)
  from space 3072K, 99% used [0x00000000ec380000,0x00000000ec67c9c0,0x00000000ec680000)
  to   space 2560K, 0% used [0x00000000ec680000,0x00000000ec680000,0x00000000ec900000)
 ParOldGen       total 68608K, used 10255K [0x00000000c0000000, 0x00000000c4300000, 0x00000000eab00000)
  object space 68608K, 14% used [0x00000000c0000000,0x00000000c0a03cb8,0x00000000c4300000)
 Metaspace       used 31012K, committed 31680K, reserved 1081344K
  class space    used 3195K, committed 3456K, reserved 1048576K
}
Event: 2.942 GC heap before
{Heap before GC invocations=11 (full 1):
 PSYoungGen      total 26624K, used 26610K [0x00000000eab00000, 0x00000000ec900000, 0x0000000100000000)
  eden space 23552K, 100% used [0x00000000eab00000,0x00000000ec200000,0x00000000ec200000)
  from space 3072K, 99% used [0x00000000ec380000,0x00000000ec67c9c0,0x00000000ec680000)
  to   space 2560K, 0% used [0x00000000ec680000,0x00000000ec680000,0x00000000ec900000)
 ParOldGen       total 68608K, used 10255K [0x00000000c0000000, 0x00000000c4300000, 0x00000000eab00000)
  object space 68608K, 14% used [0x00000000c0000000,0x00000000c0a03cb8,0x00000000c4300000)
 Metaspace       used 33795K, committed 34496K, reserved 1081344K
  class space    used 3547K, committed 3840K, reserved 1048576K
}
Event: 2.945 GC heap after
{Heap after GC invocations=11 (full 1):
 PSYoungGen      total 25088K, used 1632K [0x00000000eab00000, 0x00000000ec880000, 0x0000000100000000)
  eden space 23040K, 0% used [0x00000000eab00000,0x00000000eab00000,0x00000000ec180000)
  from space 2048K, 79% used [0x00000000ec680000,0x00000000ec818000,0x00000000ec880000)
  to   space 2560K, 0% used [0x00000000ec380000,0x00000000ec380000,0x00000000ec600000)
 ParOldGen       total 68608K, used 12517K [0x00000000c0000000, 0x00000000c4300000, 0x00000000eab00000)
  object space 68608K, 18% used [0x00000000c0000000,0x00000000c0c39718,0x00000000c4300000)
 Metaspace       used 33795K, committed 34496K, reserved 1081344K
  class space    used 3547K, committed 3840K, reserved 1048576K
}
Event: 3.146 GC heap before
{Heap before GC invocations=12 (full 1):
 PSYoungGen      total 25088K, used 13314K [0x00000000eab00000, 0x00000000ec880000, 0x0000000100000000)
  eden space 23040K, 50% used [0x00000000eab00000,0x00000000eb668bc8,0x00000000ec180000)
  from space 2048K, 79% used [0x00000000ec680000,0x00000000ec818000,0x00000000ec880000)
  to   space 2560K, 0% used [0x00000000ec380000,0x00000000ec380000,0x00000000ec600000)
 ParOldGen       total 68608K, used 12517K [0x00000000c0000000, 0x00000000c4300000, 0x00000000eab00000)
  object space 68608K, 18% used [0x00000000c0000000,0x00000000c0c39718,0x00000000c4300000)
 Metaspace       used 35153K, committed 35840K, reserved 1081344K
  class space    used 3749K, committed 4032K, reserved 1048576K
}
Event: 3.148 GC heap after
{Heap after GC invocations=12 (full 1):
 PSYoungGen      total 24064K, used 800K [0x00000000eab00000, 0x00000000ec700000, 0x0000000100000000)
  eden space 23040K, 0% used [0x00000000eab00000,0x00000000eab00000,0x00000000ec180000)
  from space 1024K, 78% used [0x00000000ec380000,0x00000000ec448000,0x00000000ec480000)
  to   space 1536K, 0% used [0x00000000ec580000,0x00000000ec580000,0x00000000ec700000)
 ParOldGen       total 68608K, used 13938K [0x00000000c0000000, 0x00000000c4300000, 0x00000000eab00000)
  object space 68608K, 20% used [0x00000000c0000000,0x00000000c0d9c930,0x00000000c4300000)
 Metaspace       used 35153K, committed 35840K, reserved 1081344K
  class space    used 3749K, committed 4032K, reserved 1048576K
}
Event: 3.148 GC heap before
{Heap before GC invocations=13 (full 2):
 PSYoungGen      total 24064K, used 800K [0x00000000eab00000, 0x00000000ec700000, 0x0000000100000000)
  eden space 23040K, 0% used [0x00000000eab00000,0x00000000eab00000,0x00000000ec180000)
  from space 1024K, 78% used [0x00000000ec380000,0x00000000ec448000,0x00000000ec480000)
  to   space 1536K, 0% used [0x00000000ec580000,0x00000000ec580000,0x00000000ec700000)
 ParOldGen       total 68608K, used 13938K [0x00000000c0000000, 0x00000000c4300000, 0x00000000eab00000)
  object space 68608K, 20% used [0x00000000c0000000,0x00000000c0d9c930,0x00000000c4300000)
 Metaspace       used 35153K, committed 35840K, reserved 1081344K
  class space    used 3749K, committed 4032K, reserved 1048576K
}
Event: 3.170 GC heap after
{Heap after GC invocations=13 (full 2):
 PSYoungGen      total 24064K, used 0K [0x00000000eab00000, 0x00000000ec700000, 0x0000000100000000)
  eden space 23040K, 0% used [0x00000000eab00000,0x00000000eab00000,0x00000000ec180000)
  from space 1024K, 0% used [0x00000000ec380000,0x00000000ec380000,0x00000000ec480000)
  to   space 1536K, 0% used [0x00000000ec580000,0x00000000ec580000,0x00000000ec700000)
 ParOldGen       total 68608K, used 14183K [0x00000000c0000000, 0x00000000c4300000, 0x00000000eab00000)
  object space 68608K, 20% used [0x00000000c0000000,0x00000000c0dd9e98,0x00000000c4300000)
 Metaspace       used 35153K, committed 35840K, reserved 1081344K
  class space    used 3749K, committed 4032K, reserved 1048576K
}

